WARNING: A terminally deprecated method in sun.misc.Unsafe has been called
WARNING: sun.misc.Unsafe::staticFieldBase has been called by com.google.inject.internal.aop.HiddenClassDefiner (file:/C:/Users/cheikh/.m2/wrapper/dists/apache-maven-3.9.11/03d7e36a140982eea48e22c1dcac01d8862b2550b2939e09a0809bbc5182a5bc/lib/guice-5.1.0-classes.jar)
WARNING: Please consider reporting this to the maintainers of class com.google.inject.internal.aop.HiddenClassDefiner
WARNING: sun.misc.Unsafe::staticFieldBase will be removed in a future release
[INFO] Scanning for projects...
[INFO] 
[INFO] -------------------------< com.skk:jdsbackend >-------------------------
[INFO] Building jdsbackend 0.0.1-SNAPSHOT
[INFO]   from pom.xml
[INFO] --------------------------------[ jar ]---------------------------------
[INFO] 
[INFO] --- clean:3.5.0:clean (default-clean) @ jdsbackend ---
[INFO] Deleting C:\Users\cheikh\Documents\java\jdsbackend\target
[INFO] 
[INFO] --- resources:3.3.1:resources (default-resources) @ jdsbackend ---
[INFO] Copying 1 resource from src\main\resources to target\classes
[INFO] Copying 0 resource from src\main\resources to target\classes
[INFO] 
[INFO] --- compiler:3.14.1:compile (default-compile) @ jdsbackend ---
[INFO] Recompiling the module because of changed source code.
[INFO] Compiling 111 source files with javac [debug parameters release 25] to target\classes
[INFO] -------------------------------------------------------------
[ERROR] COMPILATION ERROR : 
[INFO] -------------------------------------------------------------
[ERROR] /C:/Users/cheikh/Documents/java/jdsbackend/src/main/java/com/skk/jdsbackend/service/CaseService.java:[263,38] cannot find symbol
  symbol:   variable user
  location: class com.skk.jdsbackend.service.CaseService
[INFO] 1 error
[INFO] -------------------------------------------------------------
[INFO] ------------------------------------------------------------------------
[INFO] BUILD FAILURE
[INFO] ------------------------------------------------------------------------
[INFO] Total time:  13.107 s
[INFO] Finished at: 2026-01-14T19:39:40+01:00
[INFO] ------------------------------------------------------------------------
[ERROR] Failed to execute goal org.apache.maven.plugins:maven-compiler-plugin:3.14.1:compile (default-compile) on project jdsbackend: Compilation failure
[ERROR] /C:/Users/cheikh/Documents/java/jdsbackend/src/main/java/com/skk/jdsbackend/service/CaseService.java:[263,38] cannot find symbol
[ERROR]   symbol:   variable user
[ERROR]   location: class com.skk.jdsbackend.service.CaseService
[ERROR] 
[ERROR] -> [Help 1]
[ERROR] 
[ERROR] To see the full stack trace of the errors, re-run Maven with the -e switch.
[ERROR] Re-run Maven using the -X switch to enable full debug logging.
[ERROR] 
[ERROR] For more information about the errors and possible solutions, please read the following articles:
[ERROR] [Help 1] http://cwiki.apache.org/confluence/display/MAVEN/MojoFailureException
